[01m[K/home/harindu/Combots/src/slave/src/slave_node.cpp:[m[K In function â€˜[01m[Kvoid receiveMsg(const ConstPtr&)[m[Kâ€™:
[01m[K/home/harindu/Combots/src/slave/src/slave_node.cpp:14:5:[m[K [01;31m[Kerror: [m[Kâ€˜[01m[Kmaster[m[Kâ€™ was not declared in this scope; did you mean â€˜[01m[Kros::master[m[Kâ€™?
   14 |     [01;31m[Kmaster[m[K.publish(msgOut);
      |     [01;31m[K^~~~~~[m[K
      |     [32m[Kros::master[m[K
In file included from [01m[K/opt/ros/noetic/include/ros/ros.h:52[m[K,
                 from [01m[K/home/harindu/Combots/src/slave/src/slave_node.cpp:1[m[K:
[01m[K/opt/ros/noetic/include/ros/master.h:41:11:[m[K [01;36m[Knote: [m[Kâ€˜[01m[Kros::master[m[Kâ€™ declared here
   41 | namespace [01;36m[Kmaster[m[K
      |           [01;36m[K^~~~~~[m[K
make[2]: *** [CMakeFiles/slave_node.dir/build.make:63: CMakeFiles/slave_node.dir/src/slave_node.cpp.o] Error 1
make[1]: *** [CMakeFiles/Makefile2:668: CMakeFiles/slave_node.dir/all] Error 2
make: *** [Makefile:141: all] Error 2
